<?xml version='1.0' encoding='UTF-8'?>
<testsuite hostname="XMirror" name="gcd.GCDSpec" tests="1" errors="0" failures="0" skipped="0" time="2.27" timestamp="2026-03-12T13:21:21">
          <properties>
[...]
</properties>
          <testcase classname="gcd.GCDSpec" name="Gcd should calculate proper greatest common denominator" time="2.27">
                      
                    </testcase>
          <system-out><![CDATA[]]></system-out>
          <system-err><![CDATA[]]></system-err>
        </testsuite>